2015-03-28 18:33 [ERROR] Failed to open template /home/users1/i/ivan4b/domains/nucms.ivan4b.ru/content/themes/ucms/error.php
2015-03-28 18:33 [ERROR] Failed to open template /home/users1/i/ivan4b/domains/nucms.ivan4b.ru/content/themes/ucms/error.php
2015-03-28 18:33 [CRITICAL] Failed to open template /home/users1/i/ivan4b/domains/nucms.ivan4b.ru/content/themes/ucms/error.php
2015-03-28 18:33 [CRITICAL] Failed to open template /home/users1/i/ivan4b/domains/nucms.ivan4b.ru/content/themes/ucms/error.php
2015-03-28 18:33 [CRITICAL] Failed to open template /home/users1/i/ivan4b/domains/nucms.ivan4b.ru/content/themes/ucms/error.php
2015-03-28 18:33 [CRITICAL] Failed to open template /home/users1/i/ivan4b/domains/nucms.ivan4b.ru/content/themes/ucms/error.php
2015-03-28 18:34 [ERROR] Failed to open template /home/users1/i/ivan4b/domains/nucms.ivan4b.ru/content/themes/ucms/error.php
2015-03-28 18:36 [ERROR] Failed to open file /home/users1/i/ivan4b/domains/nucms.ivan4b.ru/content/themes/ucms/head.php
2015-03-28 18:36 [ERROR] Failed to open file /home/users1/i/ivan4b/domains/nucms.ivan4b.ru/content/themes/ucms/sidebar.php
2015-03-28 18:36 [ERROR] Failed to open file /home/users1/i/ivan4b/domains/nucms.ivan4b.ru/content/themes/ucms/footer.php
2015-03-28 18:36 [ERROR] Failed to open file /home/users1/i/ivan4b/domains/nucms.ivan4b.ru/content/themes/ucms/error.php
2015-03-28 18:37 [ERROR] Failed to open file /home/users1/i/ivan4b/domains/nucms.ivan4b.ru/content/themes/ucms/head.php
2015-03-28 18:37 [ERROR] Failed to open file /home/users1/i/ivan4b/domains/nucms.ivan4b.ru/content/themes/ucms/sidebar.php
2015-03-28 18:37 [ERROR] Failed to open file /home/users1/i/ivan4b/domains/nucms.ivan4b.ru/content/themes/ucms/footer.php
2015-03-28 18:37 [ERROR] Failed to open file /home/users1/i/ivan4b/domains/nucms.ivan4b.ru/content/themes/ucms/error.php
2015-03-28 18:37 [ERROR] Failed to open file /home/users1/i/ivan4b/domains/nucms.ivan4b.ru/content/themes/ucms/head.php
2015-03-28 18:37 [ERROR] Failed to open file /home/users1/i/ivan4b/domains/nucms.ivan4b.ru/content/themes/ucms/sidebar.php
2015-03-28 18:37 [ERROR] Failed to open file /home/users1/i/ivan4b/domains/nucms.ivan4b.ru/content/themes/ucms/footer.php
2015-03-28 18:37 [ERROR] Failed to open file /home/users1/i/ivan4b/domains/nucms.ivan4b.ru/content/themes/ucms/error.php
2015-03-28 19:35 [ERROR] Failed to open file /home/users1/i/ivan4b/domains/nucms.ivan4b.ru/content/themes/ucms/profile.php
2015-03-28 19:35 [ERROR] Failed to open file /home/users1/i/ivan4b/domains/nucms.ivan4b.ru/content/themes/ucms/profile.php
2015-03-28 23:58 [ERROR] Failed to open file /home/users1/i/ivan4b/domains/nucms.ivan4b.ru/content/themes/admin/admin.api.php
2015-03-31 18:29 [ERROR] Failed to open file /home/users1/i/ivan4b/domains/nucms.ivan4b.ru/content/themes/admin/settings.php
2015-03-31 18:29 [ERROR] Failed to open file /home/users1/i/ivan4b/domains/nucms.ivan4b.ru/content/themes/admin/settings.php
2015-03-31 18:29 [ERROR] Failed to open file /home/users1/i/ivan4b/domains/nucms.ivan4b.ru/content/themes/admin/settings.php
2015-03-31 19:52 [ERROR] Failed to open file /home/users1/i/ivan4b/domains/nucms.ivan4b.ru/content/themes/admin/settings.php
2015-03-31 19:52 [ERROR] Failed to open file /home/users1/i/ivan4b/domains/nucms.ivan4b.ru/content/themes/admin/settings.php
2015-03-31 19:52 [ERROR] Failed to open file /home/users1/i/ivan4b/domains/nucms.ivan4b.ru/content/themes/admin/settings.php
2015-04-02 17:43 [INFO] users loaded
2015-04-02 17:43 [INFO] users loaded
2015-04-02 17:44 [INFO] users loaded
2015-04-02 17:44 [INFO] users loaded
2015-04-02 17:44 [INFO] users loaded
2015-04-02 22:52 [ERROR] Can't get extention information posts
2015-04-02 22:52 [ERROR] Can't get extention information posts
2015-04-02 22:52 [ERROR] Can't get extention information posts
2015-04-02 22:52 [ERROR] Can't get extention information posts
2015-04-02 22:53 [ERROR] Can't get extention information posts
2015-04-02 22:53 [ERROR] Can't get extention information posts
2015-04-04 18:34 [ERROR] Failed to open file /home/users1/i/ivan4b/domains/nucms.ivan4b.ru/content/extentions/users/include/user.php
2015-04-04 19:06 [ERROR] No connection to the database
2015-04-04 19:06 [ERROR] No connection to the database
2015-04-04 19:06 [ERROR] No connection to the database
2015-04-04 19:06 [ERROR] No connection to the database
2015-04-04 19:06 [ERROR] No connection to the database
2015-04-04 19:07 [ERROR] No connection to the database
2015-04-04 19:07 [ERROR] No connection to the database
2015-04-04 20:24 [ERROR] Failed to open file /home/users1/i/ivan4b/domains/nucms.ivan4b.ru/content/extentions/users/include/userManager.php
2015-04-04 20:24 [ERROR] Failed to open file /home/users1/i/ivan4b/domains/nucms.ivan4b.ru/content/extentions/users/include/userManager.php
2015-04-04 20:24 [ERROR] Can't get extention information users
2015-04-06 20:22 [ERROR] Failed to open file /home/users1/i/ivan4b/domains/nucms.ivan4b.ru/content/themes/ucms/profile.php
2015-04-06 20:22 [ERROR] Failed to open file /home/users1/i/ivan4b/domains/nucms.ivan4b.ru/content/themes/ucms/profile.php
2015-04-06 20:22 [ERROR] Failed to open file /home/users1/i/ivan4b/domains/nucms.ivan4b.ru/content/themes/ucms/profile.php
2015-04-07 22:44 [ERROR] No connection to the database
2015-04-07 23:01 [ERROR] Failed to open file /home/users1/i/ivan4b/domains/nucms.ivan4b.ru/content/themes/admin/accessdenied.php
2015-04-07 23:01 [ERROR] Failed to open file /home/users1/i/ivan4b/domains/nucms.ivan4b.ru/content/themes/admin/accessdenied.php
2015-04-07 23:01 [ERROR] Failed to open file /home/users1/i/ivan4b/domains/nucms.ivan4b.ru/content/themes/admin/accessdenied.php
2015-04-08 00:51 [CRITICAL] users settings/users
2015-04-08 00:51 [CRITICAL] users settings/users
2015-04-08 00:51 [CRITICAL] users settings/users
2015-04-08 00:51 [CRITICAL] users settings/users
2015-04-08 00:51 [CRITICAL] users settings/users
2015-04-08 00:51 [CRITICAL] users settings/users
2015-04-08 00:51 [CRITICAL] users settings/users
2015-04-08 00:51 [CRITICAL] users settings/users
2015-04-08 00:52 [CRITICAL] users users
2015-04-08 00:52 [CRITICAL] users groups
2015-04-08 00:52 [CRITICAL] users settings/users
2015-04-08 00:59 [CRITICAL] users settings/users
2015-04-08 00:59 [CRITICAL] users settings/users
2015-04-08 00:59 [CRITICAL] users settings/users
2015-04-08 00:59 [CRITICAL] users settings/users
2015-04-08 00:59 [CRITICAL] users settings/users
2015-04-08 01:00 [CRITICAL] users settings/users
2015-04-08 01:00 [CRITICAL] users settings/users
2015-04-08 01:00 [CRITICAL] users settings/users
2015-04-08 01:00 [CRITICAL] users settings/users
2015-04-08 01:00 [CRITICAL] users settings/users
2015-04-08 01:00 [CRITICAL] users settings/users
2015-04-08 01:00 [CRITICAL] users settings/users
2015-04-08 01:00 [CRITICAL] users settings/users
2015-04-08 01:02 [CRITICAL] users settings/users
2015-04-08 01:03 [CRITICAL] users settings/users
2015-04-08 01:03 [CRITICAL] users settings/users
2015-04-08 01:03 [CRITICAL] users settings/users
2015-04-08 01:03 [CRITICAL] users settings/users
2015-04-08 01:03 [CRITICAL] users settings/users
2015-04-08 01:03 [CRITICAL] users settings/users
2015-04-08 01:03 [CRITICAL] users settings/users
2015-04-08 01:04 [ERROR] Failed to open file /home/users1/i/ivan4b/domains/nucms.ivan4b.ru/content/themes/ucms/profile.php
2015-04-08 01:05 [CRITICAL] users users
2015-04-08 01:05 [ERROR] Failed to open file /home/users1/i/ivan4b/domains/nucms.ivan4b.ru/content/themes/ucms/profile.php
2015-04-08 01:05 [ERROR] Failed to open file /home/users1/i/ivan4b/domains/nucms.ivan4b.ru/content/themes/ucms/profile.php
2015-04-08 01:05 [ERROR] Failed to open file /home/users1/i/ivan4b/domains/nucms.ivan4b.ru/content/themes/ucms/profile.php
2015-04-08 01:05 [ERROR] Failed to open file /home/users1/i/ivan4b/domains/nucms.ivan4b.ru/content/themes/ucms/profile.php
2015-04-08 01:05 [ERROR] Failed to open file /home/users1/i/ivan4b/domains/nucms.ivan4b.ru/content/themes/ucms/profile.php
2015-04-08 01:05 [ERROR] Failed to open file /home/users1/i/ivan4b/domains/nucms.ivan4b.ru/content/themes/ucms/profile.php
2015-04-08 01:05 [ERROR] Failed to open file /home/users1/i/ivan4b/domains/nucms.ivan4b.ru/content/themes/ucms/profile.php
2015-04-08 01:05 [CRITICAL] users settings/users
2015-04-08 01:05 [ERROR] Failed to open file /home/users1/i/ivan4b/domains/nucms.ivan4b.ru/content/themes/ucms/profile.php
2015-04-08 01:05 [CRITICAL] users settings/users
2015-04-08 01:05 [CRITICAL] users settings/users
2015-04-08 01:05 [CRITICAL] users settings/users
2015-04-08 01:05 [CRITICAL] users settings/users
2015-04-08 01:05 [CRITICAL] users settings/users
2015-04-08 01:05 [CRITICAL] users settings/users
2015-04-08 01:07 [CRITICAL] users settings/users
2015-04-08 01:07 [CRITICAL] users settings/users
2015-04-08 01:07 [CRITICAL] users settings/users
2015-04-08 01:07 [CRITICAL] users settings/users
2015-04-08 01:07 [CRITICAL] users settings/users
2015-04-08 01:07 [CRITICAL] users settings/users
2015-04-08 01:07 [CRITICAL] users settings/users
2015-04-08 01:07 [CRITICAL] users settings/users
2015-04-08 01:07 [CRITICAL] users settings/users
2015-04-08 01:07 [CRITICAL] users settings/users
2015-04-08 01:07 [CRITICAL] users settings/users
2015-04-08 01:07 [CRITICAL] users settings/users
2015-04-08 01:07 [CRITICAL] users settings/users
2015-04-08 01:12 [CRITICAL] users settings/users
2015-04-08 01:12 [CRITICAL] users settings/users
2015-04-08 01:12 [CRITICAL] users settings/users
2015-04-08 01:12 [CRITICAL] users settings/users
2015-04-08 01:12 [CRITICAL] users settings/users
2015-04-08 01:12 [CRITICAL] users settings/users
2015-04-08 01:12 [CRITICAL] users settings/users
2015-04-08 01:12 [CRITICAL] users settings/users
2015-04-08 01:12 [CRITICAL] users settings/users
2015-04-08 01:12 [CRITICAL] users settings/users
2015-04-08 01:12 [CRITICAL] users settings/users
2015-04-08 01:12 [CRITICAL] users settings/users
2015-04-08 01:12 [CRITICAL] users settings/users
2015-04-08 01:12 [CRITICAL] users settings/users
2015-04-08 01:12 [CRITICAL] users settings/users
2015-04-08 01:13 [CRITICAL] users settings/users
2015-04-08 01:13 [CRITICAL] users settings/users
2015-04-08 01:13 [CRITICAL] users settings/users
2015-04-08 01:14 [CRITICAL] users settings/users
2015-04-08 01:25 [CRITICAL] users users
2015-04-11 15:31 [ERROR] Failed to open file /home/ivan/uCMSdev/uCMS/content/themes/admin/phpinfo.php
2015-04-11 15:31 [ERROR] Failed to open file /home/ivan/uCMSdev/uCMS/content/themes/admin/phpinfo.php
2015-04-11 15:31 [ERROR] Failed to open file /home/ivan/uCMSdev/uCMS/content/themes/admin/phpinfo.php
2015-04-11 15:31 [ERROR] Failed to open file /home/ivan/uCMSdev/uCMS/content/themes/admin/phpinfo.php
2015-04-11 15:32 [ERROR] Failed to open file /home/ivan/uCMSdev/uCMS/content/themes/admin/phpinfo.php
2015-04-11 15:32 [ERROR] Failed to open file /home/ivan/uCMSdev/uCMS/content/themes/admin/phpinfo.php
